2019-12-24 15:24:46 INFO  GenericStack -main : 44 - String pushed to stack
2019-12-24 15:24:52 INFO  GenericStack -main : 44 - String pushed to stack
2019-12-24 15:24:53 INFO  GenericStack -main : 44 - String pushed to stack
2019-12-24 15:35:23 INFO  GenericStack -main : 44 - String pushed to stack
2019-12-24 15:35:23 INFO  GenericStack -main : 44 - String pushed to stack
2019-12-24 15:35:23 INFO  GenericStack -main : 44 - String pushed to stack
2019-12-24 15:47:37 INFO  GenericStack -main : 44 - String pushed to stack
2019-12-24 15:47:37 INFO  GenericStack -main : 44 - String pushed to stack
2019-12-24 15:47:37 INFO  GenericStack -main : 44 - String pushed to stack
2019-12-24 15:48:01 INFO  GenericStack -main : 44 - String pushed to stack
2019-12-24 15:48:01 INFO  GenericStack -main : 44 - String pushed to stack
2019-12-24 15:48:01 INFO  GenericStack -main : 44 - String pushed to stack
2019-12-24 15:51:27 INFO  GenericStack -main : 44 - String pushed to stack
2019-12-24 15:51:27 INFO  GenericStack -main : 44 - String pushed to stack
2019-12-24 15:51:27 INFO  GenericStack -main : 44 - String pushed to stack
2019-12-24 17:15:37 INFO  GenericStack -main : 44 - String pushed to stack
2019-12-24 17:15:37 INFO  GenericStack -main : 44 - String pushed to stack
2019-12-24 17:15:37 INFO  GenericStack -main : 44 - String pushed to stack
2019-12-25 19:57:39 INFO  DBHelper -main : 28 - Opening database: {}jdbc:sqlite:testdb.sqlite
2019-12-25 19:59:24 INFO  DBHelper -main : 28 - Opening database: {}jdbc:sqlite:testdb.sqlite
2019-12-25 20:00:12 INFO  DBHelper -main : 28 - Opening database: {}jdbc:sqlite:testdb.sqlite
2019-12-25 20:00:35 INFO  DBHelper -main : 28 - Opening database: {}jdbc:sqlite:testdb.sqlite
2019-12-25 20:05:19 INFO  DBHelper -main : 28 - Opening database: {}jdbc:sqlite:testdb.sqlite
2019-12-25 20:08:04 INFO  DBHelper -main : 28 - Opening database: {}jdbc:sqlite:testdb.sqlite
2019-12-25 20:11:07 INFO  DBHelper -main : 28 - Opening database: {}jdbc:sqlite:testdb.sqlite
2019-12-25 20:11:35 INFO  DBHelper -main : 28 - Opening database: {}jdbc:sqlite:testdb.sqlite
2019-12-25 20:15:07 INFO  DBHelper -main : 28 - Opening database: {}jdbc:sqlite:testdb.sqlite
2019-12-25 20:22:15 INFO  DBHelper -main : 36 - Opening database: {}jdbc:sqlite:testdb.sqlite
2019-12-25 20:22:27 INFO  DBHelper -main : 36 - Opening database: {}jdbc:sqlite:testdb.sqlite
2019-12-25 20:23:55 INFO  DBHelper -main : 36 - Opening database: {}jdbc:sqlite:testdb.sqlite
2019-12-25 20:24:44 INFO  DBHelper -main : 36 - Opening database: {}jdbc:sqlite:testdb.sqlite
2019-12-25 20:25:37 INFO  DBHelper -main : 36 - Opening database: {}jdbc:sqlite:testdb.sqlite
2019-12-25 20:26:21 INFO  DBHelper -main : 36 - Opening database: {}jdbc:sqlite:testdb.sqlite
2019-12-25 20:26:42 INFO  DBHelper -main : 33 - Opening database: {}jdbc:sqlite:testdb.sqlite
2019-12-25 20:27:07 INFO  DBHelper -main : 33 - Opening database: {}jdbc:sqlite:testdb.sqlite
2019-12-25 20:27:56 INFO  DBHelper -main : 33 - Opening database: {}jdbc:sqlite:testdb.sqlite
2019-12-25 20:28:10 INFO  DBHelper -main : 33 - Opening database: {}jdbc:sqlite:testdb.sqlite
2019-12-25 20:28:42 INFO  DBHelper -main : 33 - Opening database: {}jdbc:sqlite:testdb.sqlite
2019-12-25 20:28:55 INFO  DBHelper -main : 33 - Opening database: {}jdbc:sqlite:testdb.sqlite
2019-12-25 20:31:40 INFO  DBHelper -main : 33 - Opening database: {}jdbc:sqlite:testdb.sqlite
2019-12-25 20:36:27 INFO  DBHelper -main : 33 - Opening database: {}jdbc:sqlite:testdb.sqlite
2019-12-25 20:37:06 INFO  DBHelper -main : 27 - Opening database: {}jdbc:sqlite:testdb.sqlite
2019-12-25 20:38:06 INFO  DBHelper -main : 27 - Opening database: {}jdbc:sqlite:testdb.sqlite
2019-12-25 20:38:36 INFO  DBHelper -main : 27 - Opening database: {}jdbc:sqlite:testdb.sqlite
2019-12-25 20:39:26 INFO  DBHelper -main : 27 - Opening database: {}jdbc:sqlite:testdb.sqlite
2019-12-25 20:40:04 INFO  DBHelper -main : 27 - Opening database: {}jdbc:sqlite:testdb.sqlite
2019-12-25 20:41:35 INFO  DBHelper -main : 27 - Opening database: {}jdbc:sqlite:testdb.sqlite
2019-12-25 20:58:53 INFO  DBHelper -main : 27 - Opening database: {}jdbc:sqlite:testdb.sqlite
2019-12-25 20:59:04 INFO  DBHelper -main : 27 - Opening database: {}jdbc:sqlite:testdb.sqlite
2019-12-25 21:00:32 INFO  DBHelper -main : 27 - Opening database: {}jdbc:sqlite:testdb.sqlite
2019-12-25 21:10:13 INFO  DBHelper -main : 27 - Opening database: {}jdbc:sqlite:testdb.sqlite
2019-12-25 21:12:09 INFO  DBHelper -main : 27 - Opening database: {}jdbc:sqlite:testdb.sqlite
2019-12-25 21:14:21 INFO  DBHelper -main : 27 - Opening database: {}jdbc:sqlite:testdb.sqlite
2019-12-25 21:22:37 INFO  DBHelper -main : 27 - Opening database: {}jdbc:sqlite:testdb.sqlite
2019-12-25 21:24:40 INFO  DBHelper -main : 27 - Opening database: {}jdbc:sqlite:testdb.sqlite
2019-12-25 21:27:37 INFO  DBHelper -main : 27 - Opening database: {}jdbc:sqlite:testdb.sqlite
2019-12-25 21:27:55 INFO  DBHelper -main : 27 - Opening database: {}jdbc:sqlite:testdb.sqlite
2019-12-25 21:28:44 INFO  DBHelper -main : 27 - Opening database: {}jdbc:sqlite:testdb.sqlite
2019-12-25 21:28:53 INFO  DBHelper -main : 27 - Opening database: {}jdbc:sqlite:testdb.sqlite
2019-12-25 21:29:02 INFO  DBHelper -main : 27 - Opening database: {}jdbc:sqlite:testdb.sqlite
2019-12-25 21:31:08 INFO  DBHelper -main : 27 - Opening database: {}jdbc:sqlite:testdb.sqlite
2019-12-25 21:31:44 INFO  DBHelper -main : 27 - Opening database: {}jdbc:sqlite:testdb.sqlite
2019-12-25 21:32:06 INFO  DBHelper -main : 27 - Opening database: {}jdbc:sqlite:testdb.sqlite
2019-12-25 21:32:15 INFO  DBHelper -main : 27 - Opening database: {}jdbc:sqlite:testdb.sqlite
2019-12-25 21:39:40 INFO  DBHelper -main : 27 - Opening database: {}jdbc:sqlite:testdb.sqlite
2019-12-25 21:39:59 INFO  DBHelper -main : 27 - Opening database: {}jdbc:sqlite:testdb.sqlite
2019-12-25 21:41:30 INFO  DBHelper -main : 27 - Opening database: {}jdbc:sqlite:testdb.sqlite
2019-12-25 23:01:21 INFO  DBHelper -main : 27 - Opening database: {}jdbc:sqlite:testdb.sqlite
2019-12-25 23:01:50 INFO  DBHelper -main : 27 - Opening database: {}jdbc:sqlite:testdb.sqlite
2019-12-25 23:02:11 INFO  DBHelper -main : 27 - Opening database: {}jdbc:sqlite:testdb.sqlite
2019-12-25 23:02:29 INFO  DBHelper -main : 27 - Opening database: {}jdbc:sqlite:testdb.sqlite
2019-12-25 23:10:45 INFO  DBHelper -main : 27 - Opening database: {}jdbc:sqlite:testdb.sqlite
2019-12-25 23:10:46 INFO  TestDB -main : 34 - categories: 
{}

2019-12-25 23:10:46 INFO  TestDB -main : 58 - categories: 
{}

2019-12-25 23:23:36 INFO  DBHelper -main : 27 - Opening database: {}jdbc:sqlite:testdb.sqlite
2019-12-25 23:23:36 INFO  TestDB -main : 34 - categories: 
{}

2019-12-25 23:23:36 INFO  TestDB -main : 58 - categories: 
{}

2019-12-25 23:25:13 INFO  DBHelper -main : 27 - Opening database: {}jdbc:sqlite:testdb.sqlite
2019-12-25 23:25:13 INFO  TestDB -main : 34 - categories: 
{}

2019-12-25 23:25:13 INFO  TestDB -main : 58 - categories: 
{}

2019-12-25 23:26:14 INFO  DBHelper -main : 27 - Opening database: {}jdbc:sqlite:testdb.sqlite
2019-12-25 23:26:14 INFO  TestDB -main : 34 - categories: 
{}

2019-12-25 23:26:14 INFO  TestDB -main : 58 - categories: 
{}

2019-12-25 23:26:40 INFO  DBHelper -main : 27 - Opening database: {}jdbc:sqlite:testdb.sqlite
2019-12-25 23:26:41 INFO  TestDB -main : 34 - categories: 
{}

2019-12-25 23:26:41 INFO  TestDB -main : 58 - categories: 
{}

2019-12-25 23:26:48 INFO  DBHelper -main : 27 - Opening database: {}jdbc:sqlite:testdb.sqlite
2019-12-25 23:26:49 INFO  TestDB -main : 34 - categories: 
{}

2019-12-25 23:26:49 INFO  TestDB -main : 58 - categories: 
{}

2019-12-25 23:27:01 INFO  DBHelper -main : 27 - Opening database: {}jdbc:sqlite:testdb.sqlite
2019-12-25 23:27:01 INFO  TestDB -main : 34 - categories: 
{}

2019-12-25 23:27:01 INFO  TestDB -main : 58 - categories: 
{}

2019-12-25 23:27:13 INFO  DBHelper -main : 27 - Opening database: {}jdbc:sqlite:testdb.sqlite
2019-12-25 23:27:13 INFO  TestDB -main : 34 - categories: 
{}

2019-12-25 23:27:13 INFO  TestDB -main : 58 - categories: 
{}

2019-12-25 23:28:38 INFO  DBHelper -main : 27 - Opening database: {}jdbc:sqlite:testdb.sqlite
2019-12-25 23:28:39 INFO  TestDB -main : 34 - categories: 
{}

2019-12-25 23:28:39 INFO  TestDB -main : 58 - categories: 
{}

2019-12-25 23:29:58 INFO  DBHelper -main : 27 - Opening database: {}jdbc:sqlite:testdb.sqlite
2019-12-25 23:29:58 INFO  TestDB -main : 34 - categories: 
{}

2019-12-25 23:29:58 INFO  TestDB -main : 58 - categories: 
{}

2019-12-25 23:30:38 INFO  DBHelper -main : 27 - Opening database: {}jdbc:sqlite:testdb.sqlite
2019-12-25 23:30:39 INFO  TestDB -main : 34 - categories: 
{}

2019-12-25 23:30:39 INFO  TestDB -main : 58 - categories: 
{}

2019-12-25 23:31:06 INFO  DBHelper -main : 27 - Opening database: {}jdbc:sqlite:testdb.sqlite
2019-12-25 23:31:06 INFO  TestDB -main : 34 - categories: 
{}

2019-12-25 23:31:06 INFO  TestDB -main : 58 - categories: 
{}

2019-12-25 23:34:18 INFO  DBHelper -main : 27 - Opening database: {}jdbc:sqlite:testdb.sqlite
2019-12-25 23:34:18 INFO  TestDB -main : 34 - categories: 
{}

2019-12-25 23:34:18 INFO  TestDB -main : 58 - categories: 
{}

2019-12-25 23:34:28 INFO  DBHelper -main : 27 - Opening database: {}jdbc:sqlite:testdb.sqlite
2019-12-25 23:34:29 INFO  TestDB -main : 34 - categories: 
{}

2019-12-25 23:34:29 INFO  TestDB -main : 58 - categories: 
{}

2019-12-25 23:34:58 INFO  DBHelper -main : 27 - Opening database: {}jdbc:sqlite:testdb.sqlite
2019-12-25 23:34:58 INFO  TestDB -main : 34 - categories: 
{}

2019-12-25 23:34:58 INFO  TestDB -main : 58 - categories: 
{}

2019-12-25 23:35:21 INFO  DBHelper -main : 27 - Opening database: {}jdbc:sqlite:testdb.sqlite
2019-12-25 23:35:22 INFO  TestDB -main : 34 - categories: 
{}

2019-12-25 23:35:22 INFO  TestDB -main : 58 - categories: 
{}

2019-12-25 23:35:30 INFO  DBHelper -main : 27 - Opening database: {}jdbc:sqlite:testdb.sqlite
2019-12-25 23:35:30 INFO  TestDB -main : 34 - categories: 
{}

2019-12-25 23:35:30 INFO  TestDB -main : 58 - categories: 
{}

2019-12-25 23:35:34 INFO  DBHelper -main : 27 - Opening database: {}jdbc:sqlite:testdb.sqlite
2019-12-25 23:35:34 INFO  TestDB -main : 34 - categories: 
{}

2019-12-25 23:35:34 INFO  TestDB -main : 58 - categories: 
{}

2019-12-25 23:36:11 INFO  DBHelper -main : 27 - Opening database: {}jdbc:sqlite:testdb.sqlite
2019-12-25 23:36:12 INFO  TestDB -main : 34 - categories: 
{}

2019-12-25 23:36:51 INFO  TestDB -main : 58 - categories: 
{}

2019-12-25 23:40:10 INFO  DBHelper -main : 33 - Opening database: {}jdbc:sqlite:testdb.sqlite
2019-12-25 23:40:10 INFO  TestDB -main : 34 - categories: 
{}

2019-12-25 23:40:10 INFO  TestDB -main : 58 - categories: 
{}

2019-12-25 23:40:57 INFO  DBHelper -main : 33 - Opening database: {}jdbc:sqlite:testdb.sqlite
2019-12-25 23:40:57 INFO  TestDB -main : 34 - categories: 
{}

2019-12-25 23:40:57 INFO  TestDB -main : 58 - categories: 
{}

2019-12-25 23:41:19 INFO  DBHelper -main : 33 - Opening database: {}jdbc:sqlite:testdb.sqlite
2019-12-25 23:41:21 INFO  TestDB -main : 34 - categories: 
{}

2019-12-25 23:41:23 INFO  TestDB -main : 58 - categories: 
{}

2019-12-25 23:41:27 INFO  DBHelper -main : 33 - Opening database: {}jdbc:sqlite:testdb.sqlite
2019-12-25 23:41:58 INFO  TestDB -main : 34 - categories: 
{}

2019-12-25 23:42:14 INFO  TestDB -main : 58 - categories: 
{}

2019-12-25 23:43:11 INFO  DBHelper -main : 33 - Opening database: {}jdbc:sqlite:testdb.sqlite
2019-12-25 23:43:38 INFO  TestDB -main : 34 - categories: 
{}

2019-12-25 23:43:38 INFO  TestDB -main : 58 - categories: 
{}

2019-12-25 23:43:52 INFO  DBHelper -main : 33 - Opening database: {}jdbc:sqlite:testdb.sqlite
2019-12-25 23:44:18 INFO  TestDB -main : 34 - categories: 
{}

2019-12-25 23:44:18 INFO  TestDB -main : 58 - categories: 
{}

2019-12-25 23:44:33 INFO  DBHelper -main : 33 - Opening database: {}jdbc:sqlite:testdb.sqlite
2019-12-25 23:44:33 INFO  TestDB -main : 34 - categories: 
{}

2019-12-25 23:44:33 INFO  TestDB -main : 58 - categories: 
{}

2019-12-25 23:50:33 INFO  DBHelper -main : 33 - Opening database: {}jdbc:sqlite:testdb.sqlite
2019-12-25 23:51:21 INFO  DBHelper -main : 33 - Opening database: {}jdbc:sqlite:testdb.sqlite
2019-12-26 00:10:21 INFO  DBHelper -main : 33 - Opening database: {}jdbc:sqlite:testdb.sqlite
2019-12-26 00:15:13 INFO  DBHelper -main : 33 - Opening database: {}jdbc:sqlite:testdb.sqlite
2019-12-26 00:19:32 INFO  DBHelper -main : 33 - Opening database: {}jdbc:sqlite:testdb.sqlite
2019-12-26 00:24:28 INFO  DBHelper -main : 33 - Opening database: {}jdbc:sqlite:testdb.sqlite
2019-12-26 00:30:26 INFO  DBHelper -main : 28 - Opening database: {}jdbc:sqlite:testdb.sqlite
2019-12-26 00:30:27 INFO  TestDB -main : 34 - categories: 
{}

2019-12-26 00:30:27 INFO  TestDB -main : 58 - categories: 
{}

2019-12-26 00:31:16 INFO  DBHelper -main : 28 - Opening database: {}jdbc:sqlite:testdb.sqlite
2019-12-26 00:42:25 INFO  TestDB -main : 34 - categories: 
{}

2019-12-26 00:43:11 INFO  TestDB -main : 58 - categories: 
{}

2019-12-26 00:44:06 INFO  DBHelper -main : 28 - Opening database: {}jdbc:sqlite:testdb.sqlite
2019-12-26 00:44:06 INFO  TestDB -main : 34 - categories: 
{}

2019-12-26 00:44:06 INFO  TestDB -main : 58 - categories: 
{}

2019-12-26 00:45:13 INFO  DBHelper -main : 28 - Opening database: {}jdbc:sqlite:testdb.sqlite
2019-12-26 00:48:16 INFO  DBHelper -main : 28 - Opening database: {}jdbc:sqlite:testdb.sqlite
2019-12-26 00:49:37 INFO  DBHelper -main : 28 - Opening database: {}jdbc:sqlite:testdb.sqlite
2019-12-26 00:50:02 INFO  DBHelper -main : 28 - Opening database: {}jdbc:sqlite:testdb.sqlite
2019-12-26 00:50:29 INFO  DBHelper -main : 28 - Opening database: {}jdbc:sqlite:testdb.sqlite
2019-12-26 00:58:02 INFO  DBHelper -main : 28 - Opening database: {}jdbc:sqlite:testdb.sqlite
2019-12-26 01:07:36 INFO  DBHelper -main : 28 - Opening database: {}jdbc:sqlite:testdb.sqlite
2019-12-26 01:08:46 INFO  DBHelper -main : 28 - Opening database: {}jdbc:sqlite:testdb.sqlite
2019-12-26 01:09:10 INFO  DBHelper -main : 28 - Opening database: {}jdbc:sqlite:testdb.sqlite
2019-12-26 01:11:37 INFO  DBHelper -main : 27 - Opening database: {}jdbc:sqlite:testdb.sqlite
2019-12-26 01:12:26 INFO  DBHelper -main : 28 - Opening database: {}jdbc:sqlite:testdb.sqlite
2019-12-26 01:12:52 INFO  DBHelper -main : 29 - Opening database: {}jdbc:sqlite:testdb.sqlite
2019-12-26 01:15:51 INFO  DBHelper -main : 29 - Opening database: {}jdbc:sqlite:testdb.sqlite
2019-12-26 01:18:12 INFO  DBHelper -main : 29 - Opening database: {}jdbc:sqlite:testdb.sqlite
2019-12-26 01:19:36 INFO  DBHelper -main : 30 - Opening database: {}jdbc:sqlite:testdb.sqlite
2019-12-26 01:20:17 INFO  DBHelper -main : 30 - Opening database: {}jdbc:sqlite:testdb.sqlite
2019-12-26 01:23:14 INFO  DBHelper -main : 30 - Opening database: {}jdbc:sqlite:testdb.sqlite
2019-12-26 01:25:04 INFO  DBHelper -main : 30 - Opening database: {}jdbc:sqlite:testdb.sqlite
2019-12-26 01:28:10 INFO  DBHelper -main : 30 - Opening database: {}jdbc:sqlite:testdb.sqlite
2019-12-26 01:28:24 INFO  DBHelper -main : 30 - Opening database: {}jdbc:sqlite:testdb.sqlite
2019-12-26 01:29:19 INFO  DBHelper -main : 30 - Opening database: {}jdbc:sqlite:testdb.sqlite
2019-12-26 01:29:49 INFO  DBHelper -main : 30 - Opening database: {}jdbc:sqlite:testdb.sqlite
2019-12-26 01:30:13 INFO  DBHelper -main : 30 - Opening database: {}jdbc:sqlite:testdb.sqlite
2019-12-26 01:30:33 INFO  DBHelper -main : 28 - Opening database: {}jdbc:sqlite:testdb.sqlite
2019-12-26 01:30:58 INFO  DBHelper -main : 28 - Opening database: {}jdbc:sqlite:testdb.sqlite
2019-12-26 01:31:21 INFO  DBHelper -main : 28 - Opening database: {}jdbc:sqlite:testdb.sqlite
2019-12-26 01:31:47 INFO  DBHelper -main : 28 - Opening database: {}jdbc:sqlite:testdb.sqlite
2019-12-26 01:32:19 INFO  DBHelper -main : 28 - Opening database: {}jdbc:sqlite:testdb.sqlite
2019-12-26 01:32:35 INFO  DBHelper -main : 28 - Opening database: {}jdbc:sqlite:testdb.sqlite
2019-12-26 01:33:11 INFO  DBHelper -main : 28 - Opening database: {}jdbc:sqlite:testdb.sqlite
2019-12-26 14:23:42 INFO  DBHelper -main : 28 - Opening database: {}jdbc:sqlite:testdb.sqlite
2019-12-26 14:29:59 INFO  DBHelper -main : 28 - Opening database: {}jdbc:sqlite:testdb.sqlite
2019-12-26 14:35:40 INFO  DBHelper -main : 28 - Opening database: {}jdbc:sqlite:testdb.sqlite
2019-12-26 14:35:54 INFO  DBHelper -main : 28 - Opening database: {}jdbc:sqlite:testdb.sqlite
2019-12-26 16:08:54 INFO  DBHelper -main : 28 - Opening database: {}jdbc:sqlite:testdb.sqlite
2019-12-26 16:11:13 INFO  DBHelper -main : 28 - Opening database: {}jdbc:sqlite:testdb.sqlite
2019-12-26 16:11:59 INFO  DBHelper -main : 28 - Opening database: {}jdbc:sqlite:testdb.sqlite
2019-12-26 16:13:07 INFO  DBHelper -main : 28 - Opening database: {}jdbc:sqlite:testdb.sqlite
2019-12-26 16:13:28 INFO  DBHelper -main : 28 - Opening database: {}jdbc:sqlite:testdb.sqlite
2019-12-26 16:13:45 INFO  DBHelper -main : 28 - Opening database: {}jdbc:sqlite:testdb.sqlite
2019-12-26 16:14:58 INFO  DBHelper -main : 28 - Opening database: {}jdbc:sqlite:testdb.sqlite
2019-12-26 16:16:08 INFO  DBHelper -main : 28 - Opening database: {}jdbc:sqlite:testdb.sqlite
2019-12-26 16:16:09 INFO  TestDB -main : 34 - categories: 
{}
1 Food and Drinks
2 Cafe
3 Transport
4 Health
5 Other
6 Salary

2019-12-26 16:16:09 INFO  TestDB -main : 58 - categories: 
{}
2 Cafe

2019-12-26 16:25:56 INFO  DBHelper -main : 28 - Opening database: {}jdbc:sqlite:testdb.sqlite
2019-12-26 16:25:56 INFO  TestDB -main : 34 - categories: 
{}
1 Food and Drinks
2 Cafe
3 Transport
4 Health
5 Other
6 Salary

2019-12-26 16:25:57 INFO  TestDB -main : 58 - categories: 
{}
2 Cafe

2019-12-26 16:26:44 INFO  DBHelper -main : 28 - Opening database: {}jdbc:sqlite:testdb.sqlite
2019-12-26 16:27:04 INFO  DBHelper -main : 28 - Opening database: {}jdbc:sqlite:testdb.sqlite
2019-12-26 16:27:05 INFO  TestDB -main : 34 - categories: 
{}
1 Food and Drinks
2 Cafe
3 Transport
4 Health
5 Other
6 Salary

2019-12-26 16:27:05 INFO  TestDB -main : 58 - categories: 
{}
2 Cafe

2019-12-27 10:38:14 INFO  DBHelper -main : 28 - Opening database: {}jdbc:sqlite:testdb.sqlite
2019-12-27 10:38:17 INFO  TestDB -main : 34 - categories: 
{}
1 Food and Drinks
2 Cafe
3 Transport
4 Health
5 Other
6 Salary

2019-12-27 10:55:33 INFO  TestDB -main : 58 - categories: 
{}

2019-12-27 10:56:07 INFO  DBHelper -main : 28 - Opening database: {}jdbc:sqlite:testdb.sqlite
2019-12-27 10:58:42 INFO  TestDB -main : 34 - categories: 
{}
2 Cafe
4 Health
5 Other
6 Salary

2019-12-27 10:59:44 INFO  TestDB -main : 58 - categories: 
{}
2 Cafe

2019-12-27 11:02:11 INFO  DBHelper -main : 28 - Opening database: {}jdbc:sqlite:testdb.sqlite
2019-12-27 11:04:22 INFO  DBHelper -main : 28 - Opening database: {}jdbc:sqlite:testdb.sqlite
2019-12-27 11:04:52 INFO  DBHelper -main : 28 - Opening database: {}jdbc:sqlite:testdb.sqlite
2019-12-27 11:05:58 INFO  DBHelper -main : 28 - Opening database: {}jdbc:sqlite:testdb.sqlite
2019-12-27 11:07:33 INFO  DBHelper -main : 28 - Opening database: {}jdbc:sqlite:testdb.sqlite
2019-12-27 11:07:55 INFO  DBHelper -main : 28 - Opening database: {}jdbc:sqlite:testdb.sqlite
2019-12-27 11:07:56 INFO  TestDB -main : 34 - categories: 
{}
1 Food and Drinks
2 Cafe
3 Transport
4 Health
5 Other
6 Salary

2019-12-27 11:07:56 INFO  TestDB -main : 58 - categories: 
{}
2 Cafe

2019-12-27 11:08:56 INFO  DBHelper -main : 28 - Opening database: {}jdbc:sqlite:testdb.sqlite
2019-12-27 11:14:14 INFO  TestDB -main : 34 - categories: 
{}
1 Food and Drinks
2 Cafe
3 Transport
4 Health
5 Other
6 Salary

2019-12-27 11:15:02 INFO  TestDB -main : 58 - categories: 
{}

2019-12-27 11:15:22 INFO  DBHelper -main : 28 - Opening database: {}jdbc:sqlite:testdb.sqlite
2019-12-27 11:15:22 INFO  TestDB -main : 34 - categories: 
{}
1 Food and Drinks
2 Cafe
3 Transport
4 Health
5 Other
6 Salary

2019-12-27 11:15:22 INFO  TestDB -main : 58 - categories: 
{}
2 Cafe

2019-12-27 11:16:30 INFO  DBHelper -main : 28 - Opening database: {}jdbc:sqlite:testdb.sqlite
2019-12-27 11:16:31 INFO  TestDB -main : 34 - categories: 
{}
1 Food and Drinks
2 Cafe
3 Transport
4 Health
5 Other
6 Salary

2019-12-27 11:16:31 INFO  TestDB -main : 58 - categories: 
{}
2 Cafe

2019-12-27 11:18:33 INFO  DBHelper -main : 28 - Opening database: {}jdbc:sqlite:testdb.sqlite
2019-12-27 11:18:33 INFO  TestDB -main : 34 - categories: 
{}
1 Food and Drinks
2 Cafe
3 Transport
4 Health
5 Other
6 Salary

2019-12-27 11:18:33 INFO  TestDB -main : 58 - categories: 
{}

2019-12-27 11:19:12 INFO  DBHelper -main : 28 - Opening database: {}jdbc:sqlite:testdb.sqlite
2019-12-27 11:19:16 INFO  TestDB -main : 34 - categories: 
{}
1 Food and Drinks
2 Cafe
3 Transport
4 Health
5 Other
6 Salary

2019-12-27 11:21:24 INFO  TestDB -main : 58 - categories: 
{}

2019-12-27 11:21:29 INFO  DBHelper -main : 28 - Opening database: {}jdbc:sqlite:testdb.sqlite
2019-12-27 11:21:30 INFO  TestDB -main : 34 - categories: 
{}
1 Food and Drinks
2 Cafe
3 Transport
4 Health
5 Other
6 Salary

2019-12-27 11:21:30 INFO  TestDB -main : 58 - categories: 
{}
2 Cafe

2019-12-27 11:22:31 INFO  DBHelper -main : 28 - Opening database: {}jdbc:sqlite:testdb.sqlite
2019-12-27 11:22:31 INFO  TestDB -main : 34 - categories: 
{}
1 Food and Drinks
2 Cafe
3 Transport
4 Health
5 Other
6 Salary

2019-12-27 11:22:31 INFO  TestDB -main : 58 - categories: 
{}
1 Food and Drinks
2 Cafe
3 Transport
4 Health
5 Other
6 Salary

2019-12-27 11:23:08 INFO  DBHelper -main : 28 - Opening database: {}jdbc:sqlite:testdb.sqlite
2019-12-27 11:23:08 INFO  TestDB -main : 34 - categories: 
{}
1 Food and Drinks
2 Cafe
3 Transport
4 Health
5 Other
6 Salary

2019-12-27 11:23:08 INFO  TestDB -main : 58 - categories: 
{}

2019-12-27 11:26:17 INFO  DBHelper -main : 28 - Opening database: {}jdbc:sqlite:testdb.sqlite
2019-12-27 11:26:17 INFO  TestDB -main : 34 - categories: 
{}
1 Food and Drinks
2 Cafe
3 Transport
4 Health
5 Other
6 Salary

2019-12-27 11:26:17 INFO  TestDB -main : 58 - categories: 
{}

2019-12-27 11:26:27 INFO  DBHelper -main : 28 - Opening database: {}jdbc:sqlite:testdb.sqlite
2019-12-27 11:26:27 INFO  TestDB -main : 34 - categories: 
{}
1 Food and Drinks
2 Cafe
3 Transport
4 Health
5 Other
6 Salary

2019-12-27 11:26:27 INFO  TestDB -main : 58 - categories: 
{}

2019-12-27 11:27:01 INFO  DBHelper -main : 28 - Opening database: {}jdbc:sqlite:testdb.sqlite
2019-12-27 11:27:01 INFO  TestDB -main : 34 - categories: 
{}
1 Food and Drinks
2 Cafe
3 Transport
4 Health
5 Other
6 Salary

2019-12-27 11:27:01 INFO  TestDB -main : 58 - categories: 
{}

2019-12-27 11:27:58 INFO  DBHelper -main : 28 - Opening database: {}jdbc:sqlite:testdb.sqlite
2019-12-27 11:27:59 INFO  TestDB -main : 34 - categories: 
{}
1 Food and Drinks
2 Cafe
3 Transport
4 Health
5 Other
6 Salary

2019-12-27 11:27:59 INFO  TestDB -main : 58 - categories: 
{}
3 Transport

